Build started 30.11.2013 20:47:22.
     1>Project "C:\Users\Glenn\Documents\GitHub\Wind\Project\Wind\Wind\Wind.vcxproj" on node 2 (Build target(s)).
     1>ClCompile:
         C:\Program Files (x86)\Microsoft Visual Studio 11.0\VC\bin\CL.exe /c /ZI /nologo /W3 /WX- /Od /Oy- /D _UNICODE /D UNICODE /Gm /EHsc /RTC1 /MDd /GS /fp:precise /Zc:wchar_t /Zc:forScope /Fo"Debug\\" /Fd"Debug\vc110.pdb" /Gd /TP /analyze- /errorReport:prompt graphics.cpp main.cpp memutil.cpp renderstates.cpp window.cpp
         graphics.cpp
     1>c:\users\glenn\documents\github\wind\project\wind\wind\graphics.cpp(723): warning C4244: 'argument' : conversion from 'unsigned int' to 'float', possible loss of data
     1>c:\users\glenn\documents\github\wind\project\wind\wind\graphics.cpp(724): warning C4244: 'argument' : conversion from 'unsigned int' to 'float', possible loss of data
     1>c:\users\glenn\documents\github\wind\project\wind\wind\graphics.cpp(725): warning C4244: 'argument' : conversion from 'unsigned int' to 'float', possible loss of data
     1>c:\users\glenn\documents\github\wind\project\wind\wind\graphics.cpp(726): warning C4244: 'argument' : conversion from 'unsigned int' to 'float', possible loss of data
     1>c:\users\glenn\documents\github\wind\project\wind\wind\graphics.cpp(746): warning C4996: 'wcstombs': This function or variable may be unsafe. Consider using wcstombs_s instead. To disable deprecation, use _CRT_SECURE_NO_WARNINGS. See online help for details.
                 c:\program files (x86)\microsoft visual studio 11.0\vc\include\stdlib.h(554) : see declaration of 'wcstombs'
         Generating Code...
         Compiling...
         window.cpp
         renderstates.cpp
     1>c:\users\glenn\documents\github\wind\project\wind\wind\renderstates.cpp(148): warning C4018: '<' : signed/unsigned mismatch
     1>c:\users\glenn\documents\github\wind\project\wind\wind\renderstates.cpp(167): warning C4018: '<' : signed/unsigned mismatch
         memutil.cpp
         main.cpp
     1>c:\users\glenn\documents\github\wind\project\wind\wind\main.cpp(129): warning C4554: '|' : check operator precedence for possible error; use parentheses to clarify precedence
         Generating Code...
       Link:
         C:\Program Files (x86)\Microsoft Visual Studio 11.0\VC\bin\link.exe /ERRORREPORT:PROMPT /OUT:"C:\Users\Glenn\Documents\GitHub\Wind\Project\Wind\Debug\Wind.exe" /INCREMENTAL /NOLOGO kernel32.lib user32.lib gdi32.lib winspool.lib comdlg32.lib advapi32.lib shell32.lib ole32.lib oleaut32.lib uuid.lib odbc32.lib odbccp32.lib /MANIFEST /MANIFESTUAC:"level='asInvoker' uiAccess='false'" /manifest:embed /DEBUG /PDB:"C:\Users\Glenn\Documents\GitHub\Wind\Project\Wind\Debug\Wind.pdb" /TLBID:1 /DYNAMICBASE /NXCOMPAT /IMPLIB:"C:\Users\Glenn\Documents\GitHub\Wind\Project\Wind\Debug\Wind.lib" /MACHINE:X86 Debug\glew.obj
         Debug\graphics.obj
         Debug\ioutil.obj
         Debug\lodepng.obj
         Debug\main.obj
         Debug\memutil.obj
         Debug\noise.obj
         Debug\renderstates.obj
         Debug\window.obj
            Creating library C:\Users\Glenn\Documents\GitHub\Wind\Project\Wind\Debug\Wind.lib and object C:\Users\Glenn\Documents\GitHub\Wind\Project\Wind\Debug\Wind.exp
         Wind.vcxproj -> C:\Users\Glenn\Documents\GitHub\Wind\Project\Wind\Debug\Wind.exe
     1>Done Building Project "C:\Users\Glenn\Documents\GitHub\Wind\Project\Wind\Wind\Wind.vcxproj" (Build target(s)).

Build succeeded.

Time Elapsed 00:00:06.21
