C:\USERS\GLENN\DOCUMENTS\GITHUB\WIND\PROJECT\WIND\WIND\RELEASE\WINDOW.OBJ
C:\USERS\GLENN\DOCUMENTS\GITHUB\WIND\PROJECT\WIND\WIND\RELEASE\UTIL.OBJ
C:\USERS\GLENN\DOCUMENTS\GITHUB\WIND\PROJECT\WIND\WIND\RELEASE\MAIN.OBJ
C:\USERS\GLENN\DOCUMENTS\GITHUB\WIND\PROJECT\WIND\WIND\RELEASE\LODEPNG.OBJ
C:\USERS\GLENN\DOCUMENTS\GITHUB\WIND\PROJECT\WIND\WIND\RELEASE\IOUTIL.OBJ
C:\USERS\GLENN\DOCUMENTS\GITHUB\WIND\PROJECT\WIND\WIND\RELEASE\GRAPHICS.OBJ
C:\USERS\GLENN\DOCUMENTS\GITHUB\WIND\PROJECT\WIND\WIND\RELEASE\VC110.PDB
C:\USERS\GLENN\DOCUMENTS\GITHUB\WIND\PROJECT\WIND\WIND\RELEASE\RENDERSTATES.OBJ
C:\USERS\GLENN\DOCUMENTS\GITHUB\WIND\PROJECT\WIND\WIND\RELEASE\NOISE.OBJ
C:\USERS\GLENN\DOCUMENTS\GITHUB\WIND\PROJECT\WIND\WIND\RELEASE\MEMUTIL.OBJ
C:\USERS\GLENN\DOCUMENTS\GITHUB\WIND\PROJECT\WIND\WIND\RELEASE\INPUT.OBJ
C:\USERS\GLENN\DOCUMENTS\GITHUB\WIND\PROJECT\WIND\WIND\RELEASE\WORLD.OBJ
C:\USERS\GLENN\DOCUMENTS\GITHUB\WIND\PROJECT\WIND\WIND\RELEASE\GLEW.OBJ
C:\USERS\GLENN\DOCUMENTS\GITHUB\WIND\PROJECT\WIND\RELEASE\WIND.EXE
C:\USERS\GLENN\DOCUMENTS\GITHUB\WIND\PROJECT\WIND\RELEASE\WIND.PDB
C:\Users\Glenn\Documents\GitHub\Wind\Project\Wind\Release\Wind.lib
C:\Users\Glenn\Documents\GitHub\Wind\Project\Wind\Release\Wind.exp
C:\Users\Glenn\Documents\GitHub\Wind\Project\Wind\Wind\Release\glew.obj
C:\Users\Glenn\Documents\GitHub\Wind\Project\Wind\Wind\Release\graphics.obj
C:\Users\Glenn\Documents\GitHub\Wind\Project\Wind\Wind\Release\input.obj
C:\Users\Glenn\Documents\GitHub\Wind\Project\Wind\Wind\Release\ioutil.obj
C:\Users\Glenn\Documents\GitHub\Wind\Project\Wind\Wind\Release\lodepng.obj
C:\Users\Glenn\Documents\GitHub\Wind\Project\Wind\Wind\Release\main.obj
C:\Users\Glenn\Documents\GitHub\Wind\Project\Wind\Wind\Release\memutil.obj
C:\Users\Glenn\Documents\GitHub\Wind\Project\Wind\Wind\Release\noise.obj
C:\Users\Glenn\Documents\GitHub\Wind\Project\Wind\Wind\Release\renderstates.obj
C:\Users\Glenn\Documents\GitHub\Wind\Project\Wind\Wind\Release\util.obj
C:\Users\Glenn\Documents\GitHub\Wind\Project\Wind\Wind\Release\window.obj
C:\Users\Glenn\Documents\GitHub\Wind\Project\Wind\Wind\Release\world.obj
C:\Users\Glenn\Documents\GitHub\Wind\Project\Wind\Wind\Release\cl.command.1.tlog
C:\Users\Glenn\Documents\GitHub\Wind\Project\Wind\Wind\Release\CL.read.1.tlog
C:\Users\Glenn\Documents\GitHub\Wind\Project\Wind\Wind\Release\CL.write.1.tlog
C:\Users\Glenn\Documents\GitHub\Wind\Project\Wind\Wind\Release\link-cvtres.read.1.tlog
C:\Users\Glenn\Documents\GitHub\Wind\Project\Wind\Wind\Release\link-cvtres.write.1.tlog
C:\Users\Glenn\Documents\GitHub\Wind\Project\Wind\Wind\Release\link-rc.read.1.tlog
C:\Users\Glenn\Documents\GitHub\Wind\Project\Wind\Wind\Release\link-rc.write.1.tlog
C:\Users\Glenn\Documents\GitHub\Wind\Project\Wind\Wind\Release\link.command.1.tlog
C:\Users\Glenn\Documents\GitHub\Wind\Project\Wind\Wind\Release\link.read.1.tlog
C:\Users\Glenn\Documents\GitHub\Wind\Project\Wind\Wind\Release\link.write.1.tlog
C:\Users\Glenn\Documents\GitHub\Wind\Project\Wind\Wind\Release\Wind.write.1.tlog
C:\Users\Glenn\Documents\GitHub\Wind\Project\Wind\Wind\Release\vc110.pdb
C:\Users\Glenn\Documents\GitHub\Wind\Project\Wind\Release\Wind.pdb
C:\Users\Glenn\Documents\GitHub\Wind\Project\Wind\Release\Wind.exe
