C:\USERS\GLENN\DOCUMENTS\GITHUB\WIND\PROJECT\WIND\WIND\X64\RELEASE\WINDOW.OBJ
C:\USERS\GLENN\DOCUMENTS\GITHUB\WIND\PROJECT\WIND\WIND\X64\RELEASE\GAMESTATES.OBJ
C:\USERS\GLENN\DOCUMENTS\GITHUB\WIND\PROJECT\WIND\WIND\X64\RELEASE\NOISE.OBJ
C:\USERS\GLENN\DOCUMENTS\GITHUB\WIND\PROJECT\WIND\WIND\X64\RELEASE\MEMUTIL.OBJ
C:\USERS\GLENN\DOCUMENTS\GITHUB\WIND\PROJECT\WIND\WIND\X64\RELEASE\MAIN.OBJ
C:\USERS\GLENN\DOCUMENTS\GITHUB\WIND\PROJECT\WIND\WIND\X64\RELEASE\LODEPNG.OBJ
C:\USERS\GLENN\DOCUMENTS\GITHUB\WIND\PROJECT\WIND\WIND\X64\RELEASE\IOUTIL.OBJ
C:\USERS\GLENN\DOCUMENTS\GITHUB\WIND\PROJECT\WIND\WIND\X64\RELEASE\INPUT.OBJ
C:\USERS\GLENN\DOCUMENTS\GITHUB\WIND\PROJECT\WIND\WIND\X64\RELEASE\GRAPHICS.OBJ
C:\USERS\GLENN\DOCUMENTS\GITHUB\WIND\PROJECT\WIND\WIND\X64\RELEASE\WORLD.OBJ
C:\USERS\GLENN\DOCUMENTS\GITHUB\WIND\PROJECT\WIND\WIND\X64\RELEASE\THREADS.OBJ
C:\USERS\GLENN\DOCUMENTS\GITHUB\WIND\PROJECT\WIND\WIND\X64\RELEASE\TASK.OBJ
C:\USERS\GLENN\DOCUMENTS\GITHUB\WIND\PROJECT\WIND\WIND\X64\RELEASE\SERVERTHREAD.OBJ
C:\USERS\GLENN\DOCUMENTS\GITHUB\WIND\PROJECT\WIND\WIND\X64\RELEASE\RENDERTHREAD.OBJ
C:\USERS\GLENN\DOCUMENTS\GITHUB\WIND\PROJECT\WIND\WIND\X64\RELEASE\INTERSECTION.OBJ
C:\USERS\GLENN\DOCUMENTS\GITHUB\WIND\PROJECT\WIND\WIND\X64\RELEASE\GEOMETRY.OBJ
C:\USERS\GLENN\DOCUMENTS\GITHUB\WIND\PROJECT\WIND\WIND\X64\RELEASE\CHUNKLOADTHREAD.OBJ
C:\USERS\GLENN\DOCUMENTS\GITHUB\WIND\PROJECT\WIND\WIND\X64\RELEASE\CHUNKDRAWTHREAD.OBJ
C:\USERS\GLENN\DOCUMENTS\GITHUB\WIND\PROJECT\WIND\WIND\X64\RELEASE\VC110.PDB
C:\USERS\GLENN\DOCUMENTS\GITHUB\WIND\PROJECT\WIND\WIND\X64\RELEASE\GLEW.OBJ
C:\USERS\GLENN\DOCUMENTS\GITHUB\WIND\PROJECT\WIND\X64\RELEASE\WIND.EXE
C:\USERS\GLENN\DOCUMENTS\GITHUB\WIND\PROJECT\WIND\WIND\X64\RELEASE\CHUNKDRAWTHREAD.COD
C:\USERS\GLENN\DOCUMENTS\GITHUB\WIND\PROJECT\WIND\WIND\X64\RELEASE\CHUNKLOADTHREAD.COD
C:\USERS\GLENN\DOCUMENTS\GITHUB\WIND\PROJECT\WIND\WIND\X64\RELEASE\GEOMETRY.COD
C:\USERS\GLENN\DOCUMENTS\GITHUB\WIND\PROJECT\WIND\WIND\X64\RELEASE\INTERSECTION.COD
C:\USERS\GLENN\DOCUMENTS\GITHUB\WIND\PROJECT\WIND\WIND\X64\RELEASE\RENDERTHREAD.COD
C:\USERS\GLENN\DOCUMENTS\GITHUB\WIND\PROJECT\WIND\WIND\X64\RELEASE\SERVERTHREAD.COD
C:\USERS\GLENN\DOCUMENTS\GITHUB\WIND\PROJECT\WIND\WIND\X64\RELEASE\TASK.COD
C:\USERS\GLENN\DOCUMENTS\GITHUB\WIND\PROJECT\WIND\WIND\X64\RELEASE\THREADS.COD
C:\USERS\GLENN\DOCUMENTS\GITHUB\WIND\PROJECT\WIND\WIND\X64\RELEASE\WORLD.COD
C:\USERS\GLENN\DOCUMENTS\GITHUB\WIND\PROJECT\WIND\WIND\X64\RELEASE\GLEW.COD
C:\USERS\GLENN\DOCUMENTS\GITHUB\WIND\PROJECT\WIND\WIND\X64\RELEASE\GRAPHICS.COD
C:\USERS\GLENN\DOCUMENTS\GITHUB\WIND\PROJECT\WIND\WIND\X64\RELEASE\INPUT.COD
C:\USERS\GLENN\DOCUMENTS\GITHUB\WIND\PROJECT\WIND\WIND\X64\RELEASE\IOUTIL.COD
C:\USERS\GLENN\DOCUMENTS\GITHUB\WIND\PROJECT\WIND\WIND\X64\RELEASE\LODEPNG.COD
C:\USERS\GLENN\DOCUMENTS\GITHUB\WIND\PROJECT\WIND\WIND\X64\RELEASE\MAIN.COD
C:\USERS\GLENN\DOCUMENTS\GITHUB\WIND\PROJECT\WIND\WIND\X64\RELEASE\MEMUTIL.COD
C:\USERS\GLENN\DOCUMENTS\GITHUB\WIND\PROJECT\WIND\WIND\X64\RELEASE\NOISE.COD
C:\USERS\GLENN\DOCUMENTS\GITHUB\WIND\PROJECT\WIND\WIND\X64\RELEASE\GAMESTATES.COD
C:\USERS\GLENN\DOCUMENTS\GITHUB\WIND\PROJECT\WIND\WIND\X64\RELEASE\WINDOW.COD
C:\USERS\GLENN\DOCUMENTS\GITHUB\WIND\PROJECT\WIND\X64\RELEASE\WIND.PDB
C:\Users\Glenn\Documents\GitHub\Wind\Project\Wind\x64\Release\Wind.lib
C:\Users\Glenn\Documents\GitHub\Wind\Project\Wind\x64\Release\Wind.exp
C:\Users\Glenn\Documents\GitHub\Wind\Project\Wind\Wind\x64\Release\chunkdrawthread.obj
C:\Users\Glenn\Documents\GitHub\Wind\Project\Wind\Wind\x64\Release\chunkloadthread.obj
C:\Users\Glenn\Documents\GitHub\Wind\Project\Wind\Wind\x64\Release\gamestates.obj
C:\Users\Glenn\Documents\GitHub\Wind\Project\Wind\Wind\x64\Release\geometry.obj
C:\Users\Glenn\Documents\GitHub\Wind\Project\Wind\Wind\x64\Release\glew.obj
C:\Users\Glenn\Documents\GitHub\Wind\Project\Wind\Wind\x64\Release\graphics.obj
C:\Users\Glenn\Documents\GitHub\Wind\Project\Wind\Wind\x64\Release\input.obj
C:\Users\Glenn\Documents\GitHub\Wind\Project\Wind\Wind\x64\Release\intersection.obj
C:\Users\Glenn\Documents\GitHub\Wind\Project\Wind\Wind\x64\Release\ioutil.obj
C:\Users\Glenn\Documents\GitHub\Wind\Project\Wind\Wind\x64\Release\lodepng.obj
C:\Users\Glenn\Documents\GitHub\Wind\Project\Wind\Wind\x64\Release\main.obj
C:\Users\Glenn\Documents\GitHub\Wind\Project\Wind\Wind\x64\Release\memutil.obj
C:\Users\Glenn\Documents\GitHub\Wind\Project\Wind\Wind\x64\Release\noise.obj
C:\Users\Glenn\Documents\GitHub\Wind\Project\Wind\Wind\x64\Release\renderthread.obj
C:\Users\Glenn\Documents\GitHub\Wind\Project\Wind\Wind\x64\Release\serverthread.obj
C:\Users\Glenn\Documents\GitHub\Wind\Project\Wind\Wind\x64\Release\task.obj
C:\Users\Glenn\Documents\GitHub\Wind\Project\Wind\Wind\x64\Release\threads.obj
C:\Users\Glenn\Documents\GitHub\Wind\Project\Wind\Wind\x64\Release\window.obj
C:\Users\Glenn\Documents\GitHub\Wind\Project\Wind\Wind\x64\Release\world.obj
C:\Users\Glenn\Documents\GitHub\Wind\Project\Wind\Wind\x64\Release\cl.command.1.tlog
C:\Users\Glenn\Documents\GitHub\Wind\Project\Wind\Wind\x64\Release\CL.read.1.tlog
C:\Users\Glenn\Documents\GitHub\Wind\Project\Wind\Wind\x64\Release\CL.write.1.tlog
C:\Users\Glenn\Documents\GitHub\Wind\Project\Wind\Wind\x64\Release\link-cvtres.read.1.tlog
C:\Users\Glenn\Documents\GitHub\Wind\Project\Wind\Wind\x64\Release\link-cvtres.write.1.tlog
C:\Users\Glenn\Documents\GitHub\Wind\Project\Wind\Wind\x64\Release\link-rc.read.1.tlog
C:\Users\Glenn\Documents\GitHub\Wind\Project\Wind\Wind\x64\Release\link-rc.write.1.tlog
C:\Users\Glenn\Documents\GitHub\Wind\Project\Wind\Wind\x64\Release\link.command.1.tlog
C:\Users\Glenn\Documents\GitHub\Wind\Project\Wind\Wind\x64\Release\link.read.1.tlog
C:\Users\Glenn\Documents\GitHub\Wind\Project\Wind\Wind\x64\Release\link.read.2.tlog
C:\Users\Glenn\Documents\GitHub\Wind\Project\Wind\Wind\x64\Release\link.read.3.tlog
C:\Users\Glenn\Documents\GitHub\Wind\Project\Wind\Wind\x64\Release\link.read.4.tlog
C:\Users\Glenn\Documents\GitHub\Wind\Project\Wind\Wind\x64\Release\link.read.5.tlog
C:\Users\Glenn\Documents\GitHub\Wind\Project\Wind\Wind\x64\Release\link.write.1.tlog
C:\Users\Glenn\Documents\GitHub\Wind\Project\Wind\Wind\x64\Release\link.write.2.tlog
C:\Users\Glenn\Documents\GitHub\Wind\Project\Wind\Wind\x64\Release\link.write.3.tlog
C:\Users\Glenn\Documents\GitHub\Wind\Project\Wind\Wind\x64\Release\link.write.4.tlog
C:\Users\Glenn\Documents\GitHub\Wind\Project\Wind\Wind\x64\Release\link.write.5.tlog
C:\Users\Glenn\Documents\GitHub\Wind\Project\Wind\Wind\x64\Release\Wind.write.1.tlog
C:\Users\Glenn\Documents\GitHub\Wind\Project\Wind\Wind\x64\Release\vc110.pdb
C:\Users\Glenn\Documents\GitHub\Wind\Project\Wind\x64\Release\Wind.pdb
C:\Users\Glenn\Documents\GitHub\Wind\Project\Wind\x64\Release\Wind.exe
